nohup: ignoring input
[2016-09-21 20:16:50,013] INFO Verifying properties (kafka.utils.VerifiableProperties)
[2016-09-21 20:16:50,043] INFO Property broker.id is overridden to 0 (kafka.utils.VerifiableProperties)
[2016-09-21 20:16:50,044] INFO Property delete.topic.enable is overridden to true (kafka.utils.VerifiableProperties)
[2016-09-21 20:16:50,044] INFO Property log.cleaner.enable is overridden to false (kafka.utils.VerifiableProperties)
[2016-09-21 20:16:50,044] INFO Property log.dirs is overridden to /tmp/kafka-logs (kafka.utils.VerifiableProperties)
[2016-09-21 20:16:50,044] INFO Property log.retention.check.interval.ms is overridden to 300000 (kafka.utils.VerifiableProperties)
[2016-09-21 20:16:50,044] INFO Property log.retention.hours is overridden to 168 (kafka.utils.VerifiableProperties)
[2016-09-21 20:16:50,044] INFO Property log.segment.bytes is overridden to 1073741824 (kafka.utils.VerifiableProperties)
[2016-09-21 20:16:50,044] INFO Property num.io.threads is overridden to 8 (kafka.utils.VerifiableProperties)
[2016-09-21 20:16:50,045] INFO Property num.network.threads is overridden to 3 (kafka.utils.VerifiableProperties)
[2016-09-21 20:16:50,045] INFO Property num.partitions is overridden to 1 (kafka.utils.VerifiableProperties)
[2016-09-21 20:16:50,045] INFO Property num.recovery.threads.per.data.dir is overridden to 1 (kafka.utils.VerifiableProperties)
[2016-09-21 20:16:50,045] INFO Property port is overridden to 9092 (kafka.utils.VerifiableProperties)
[2016-09-21 20:16:50,045] INFO Property socket.receive.buffer.bytes is overridden to 102400 (kafka.utils.VerifiableProperties)
[2016-09-21 20:16:50,045] INFO Property socket.request.max.bytes is overridden to 104857600 (kafka.utils.VerifiableProperties)
[2016-09-21 20:16:50,046] INFO Property socket.send.buffer.bytes is overridden to 102400 (kafka.utils.VerifiableProperties)
[2016-09-21 20:16:50,046] INFO Property zookeeper.connect is overridden to localhost:2181 (kafka.utils.VerifiableProperties)
[2016-09-21 20:16:50,046] INFO Property zookeeper.connection.timeout.ms is overridden to 6000 (kafka.utils.VerifiableProperties)
[2016-09-21 20:16:50,077] INFO [Kafka Server 0], starting (kafka.server.KafkaServer)
[2016-09-21 20:16:50,079] INFO [Kafka Server 0], Connecting to zookeeper on localhost:2181 (kafka.server.KafkaServer)
[2016-09-21 20:16:50,088] INFO Starting ZkClient event thread. (org.I0Itec.zkclient.ZkEventThread)
[2016-09-21 20:16:50,094] INFO Client environment:zookeeper.version=3.4.6-1569965, built on 02/20/2014 09:09 GMT (org.apache.zookeeper.ZooKeeper)
[2016-09-21 20:16:50,094] INFO Client environment:host.name=ip-172-31-38-60.ec2.internal (org.apache.zookeeper.ZooKeeper)
[2016-09-21 20:16:50,094] INFO Client environment:java.version=1.7.0_111 (org.apache.zookeeper.ZooKeeper)
[2016-09-21 20:16:50,094] INFO Client environment:java.vendor=Oracle Corporation (org.apache.zookeeper.ZooKeeper)
[2016-09-21 20:16:50,094] INFO Client environment:java.home=/usr/lib/jvm/java-7-openjdk-amd64/jre (org.apache.zookeeper.ZooKeeper)
[2016-09-21 20:16:50,094] INFO Client environment:java.class.path=:/home/kafka/kafka/bin/../core/build/dependant-libs-2.10.4*/*.jar:/home/kafka/kafka/bin/../examples/build/libs//kafka-examples*.jar:/home/kafka/kafka/bin/../contrib/hadoop-consumer/build/libs//kafka-hadoop-consumer*.jar:/home/kafka/kafka/bin/../contrib/hadoop-producer/build/libs//kafka-hadoop-producer*.jar:/home/kafka/kafka/bin/../clients/build/libs/kafka-clients*.jar:/home/kafka/kafka/bin/../libs/jopt-simple-3.2.jar:/home/kafka/kafka/bin/../libs/kafka_2.11-0.8.2.1.jar:/home/kafka/kafka/bin/../libs/kafka_2.11-0.8.2.1-javadoc.jar:/home/kafka/kafka/bin/../libs/kafka_2.11-0.8.2.1-scaladoc.jar:/home/kafka/kafka/bin/../libs/kafka_2.11-0.8.2.1-sources.jar:/home/kafka/kafka/bin/../libs/kafka_2.11-0.8.2.1-test.jar:/home/kafka/kafka/bin/../libs/kafka-clients-0.8.2.1.jar:/home/kafka/kafka/bin/../libs/log4j-1.2.16.jar:/home/kafka/kafka/bin/../libs/lz4-1.2.0.jar:/home/kafka/kafka/bin/../libs/metrics-core-2.2.0.jar:/home/kafka/kafka/bin/../libs/scala-library-2.11.5.jar:/home/kafka/kafka/bin/../libs/scala-parser-combinators_2.11-1.0.2.jar:/home/kafka/kafka/bin/../libs/scala-xml_2.11-1.0.2.jar:/home/kafka/kafka/bin/../libs/slf4j-api-1.7.6.jar:/home/kafka/kafka/bin/../libs/slf4j-log4j12-1.6.1.jar:/home/kafka/kafka/bin/../libs/snappy-java-1.1.1.6.jar:/home/kafka/kafka/bin/../libs/zkclient-0.3.jar:/home/kafka/kafka/bin/../libs/zookeeper-3.4.6.jar:/home/kafka/kafka/bin/../core/build/libs/kafka_2.10*.jar (org.apache.zookeeper.ZooKeeper)
[2016-09-21 20:16:50,094] INFO Client environment:java.library.path=/usr/java/packages/lib/amd64:/usr/lib/x86_64-linux-gnu/jni:/lib/x86_64-linux-gnu:/usr/lib/x86_64-linux-gnu:/usr/lib/jni:/lib:/usr/lib (org.apache.zookeeper.ZooKeeper)
[2016-09-21 20:16:50,094] INFO Client environment:java.io.tmpdir=/tmp (org.apache.zookeeper.ZooKeeper)
[2016-09-21 20:16:50,094] INFO Client environment:java.compiler=<NA> (org.apache.zookeeper.ZooKeeper)
[2016-09-21 20:16:50,094] INFO Client environment:os.name=Linux (org.apache.zookeeper.ZooKeeper)
[2016-09-21 20:16:50,094] INFO Client environment:os.arch=amd64 (org.apache.zookeeper.ZooKeeper)
[2016-09-21 20:16:50,094] INFO Client environment:os.version=3.13.0-91-generic (org.apache.zookeeper.ZooKeeper)
[2016-09-21 20:16:50,095] INFO Client environment:user.name=kafka (org.apache.zookeeper.ZooKeeper)
[2016-09-21 20:16:50,095] INFO Client environment:user.home=/home/kafka (org.apache.zookeeper.ZooKeeper)
[2016-09-21 20:16:50,095] INFO Client environment:user.dir=/home/kafka/kafka (org.apache.zookeeper.ZooKeeper)
[2016-09-21 20:16:50,095] INFO Initiating client connection, connectString=localhost:2181 sessionTimeout=6000 watcher=org.I0Itec.zkclient.ZkClient@6f9bcf14 (org.apache.zookeeper.ZooKeeper)
[2016-09-21 20:16:50,112] INFO Opening socket connection to server localhost/127.0.0.1:2181. Will not attempt to authenticate using SASL (unknown error) (org.apache.zookeeper.ClientCnxn)
[2016-09-21 20:16:50,117] INFO Socket connection established to localhost/127.0.0.1:2181, initiating session (org.apache.zookeeper.ClientCnxn)
[2016-09-21 20:16:50,138] INFO Session establishment complete on server localhost/127.0.0.1:2181, sessionid = 0x1574e63e8d70000, negotiated timeout = 6000 (org.apache.zookeeper.ClientCnxn)
[2016-09-21 20:16:50,139] INFO zookeeper state changed (SyncConnected) (org.I0Itec.zkclient.ZkClient)
[2016-09-21 20:16:50,227] INFO Log directory '/tmp/kafka-logs' not found, creating it. (kafka.log.LogManager)
[2016-09-21 20:16:50,233] INFO Loading logs. (kafka.log.LogManager)
[2016-09-21 20:16:50,239] INFO Logs loading complete. (kafka.log.LogManager)
[2016-09-21 20:16:50,239] INFO Starting log cleanup with a period of 300000 ms. (kafka.log.LogManager)
[2016-09-21 20:16:50,242] INFO Starting log flusher with a default period of 9223372036854775807 ms. (kafka.log.LogManager)
[2016-09-21 20:16:50,265] INFO Awaiting socket connections on 0.0.0.0:9092. (kafka.network.Acceptor)
[2016-09-21 20:16:50,265] INFO [Socket Server on Broker 0], Started (kafka.network.SocketServer)
[2016-09-21 20:16:50,315] INFO Will not load MX4J, mx4j-tools.jar is not in the classpath (kafka.utils.Mx4jLoader$)
[2016-09-21 20:16:50,342] INFO 0 successfully elected as leader (kafka.server.ZookeeperLeaderElector)
[2016-09-21 20:16:50,421] INFO Registered broker 0 at path /brokers/ids/0 with address ip-172-31-38-60.ec2.internal:9092. (kafka.utils.ZkUtils$)
[2016-09-21 20:16:50,431] INFO [Kafka Server 0], started (kafka.server.KafkaServer)
[2016-09-21 20:16:50,484] INFO New leader is 0 (kafka.server.ZookeeperLeaderElector$LeaderChangeListener)
[2016-09-21 20:17:05,568] INFO Topic creation {"version":1,"partitions":{"0":[0]}} (kafka.admin.AdminUtils$)
[2016-09-21 20:17:05,571] INFO [KafkaApi-0] Auto creation of topic TutorialTopic with 1 partitions and replication factor 1 is successful! (kafka.server.KafkaApis)
[2016-09-21 20:17:05,649] INFO Closing socket connection to /127.0.0.1. (kafka.network.Processor)
[2016-09-21 20:17:05,672] INFO [ReplicaFetcherManager on broker 0] Removed fetcher for partitions [TutorialTopic,0] (kafka.server.ReplicaFetcherManager)
[2016-09-21 20:17:05,693] INFO Closing socket connection to /127.0.0.1. (kafka.network.Processor)
[2016-09-21 20:17:05,712] INFO Completed load of log TutorialTopic-0 with log end offset 0 (kafka.log.Log)
[2016-09-21 20:17:05,715] INFO Created log for partition [TutorialTopic,0] in /tmp/kafka-logs with properties {segment.index.bytes -> 10485760, file.delete.delay.ms -> 60000, segment.bytes -> 1073741824, flush.ms -> 9223372036854775807, delete.retention.ms -> 86400000, index.interval.bytes -> 4096, retention.bytes -> -1, min.insync.replicas -> 1, cleanup.policy -> delete, unclean.leader.election.enable -> true, segment.ms -> 604800000, max.message.bytes -> 1000012, flush.messages -> 9223372036854775807, min.cleanable.dirty.ratio -> 0.5, retention.ms -> 604800000, segment.jitter.ms -> 0}. (kafka.log.LogManager)
[2016-09-21 20:17:05,716] WARN Partition [TutorialTopic,0] on broker 0: No checkpointed highwatermark is found for partition [TutorialTopic,0] (kafka.cluster.Partition)
[2016-09-21 20:17:05,814] INFO Closing socket connection to /127.0.0.1. (kafka.network.Processor)
[2016-09-21 20:17:05,865] INFO Closing socket connection to /172.31.38.60. (kafka.network.Processor)
[2016-09-21 20:17:14,975] INFO Closing socket connection to /172.31.38.60. (kafka.network.Processor)
[2016-09-21 20:17:18,630] ERROR Closing socket for /172.31.38.60 because of error (kafka.network.Processor)
java.io.IOException: Connection reset by peer
	at sun.nio.ch.FileDispatcherImpl.read0(Native Method)
	at sun.nio.ch.SocketDispatcher.read(SocketDispatcher.java:39)
	at sun.nio.ch.IOUtil.readIntoNativeBuffer(IOUtil.java:223)
	at sun.nio.ch.IOUtil.read(IOUtil.java:197)
	at sun.nio.ch.SocketChannelImpl.read(SocketChannelImpl.java:384)
	at kafka.utils.Utils$.read(Utils.scala:380)
	at kafka.network.BoundedByteBufferReceive.readFrom(BoundedByteBufferReceive.scala:54)
	at kafka.network.Processor.read(SocketServer.scala:444)
	at kafka.network.Processor.run(SocketServer.scala:340)
	at java.lang.Thread.run(Thread.java:745)
