[2016-09-21 20:16:50,316] INFO [Controller 0]: Controller starting up (kafka.controller.KafkaController)
[2016-09-21 20:16:50,343] INFO [Controller 0]: Broker 0 starting become controller state transition (kafka.controller.KafkaController)
[2016-09-21 20:16:50,350] INFO [Controller 0]: Controller 0 incremented epoch to 1 (kafka.controller.KafkaController)
[2016-09-21 20:16:50,363] INFO [Controller 0]: Partitions undergoing preferred replica election:  (kafka.controller.KafkaController)
[2016-09-21 20:16:50,363] INFO [Controller 0]: Partitions that completed preferred replica election:  (kafka.controller.KafkaController)
[2016-09-21 20:16:50,363] INFO [Controller 0]: Resuming preferred replica election for partitions:  (kafka.controller.KafkaController)
[2016-09-21 20:16:50,366] INFO [Controller 0]: Partitions being reassigned: Map() (kafka.controller.KafkaController)
[2016-09-21 20:16:50,366] INFO [Controller 0]: Partitions already reassigned: List() (kafka.controller.KafkaController)
[2016-09-21 20:16:50,367] INFO [Controller 0]: Resuming reassignment of partitions: Map() (kafka.controller.KafkaController)
[2016-09-21 20:16:50,370] INFO [Controller 0]: List of topics to be deleted:  (kafka.controller.KafkaController)
[2016-09-21 20:16:50,371] INFO [Controller 0]: List of topics ineligible for deletion:  (kafka.controller.KafkaController)
[2016-09-21 20:16:50,375] INFO [Controller 0]: Currently active brokers in the cluster: Set() (kafka.controller.KafkaController)
[2016-09-21 20:16:50,375] INFO [Controller 0]: Currently shutting brokers in the cluster: Set() (kafka.controller.KafkaController)
[2016-09-21 20:16:50,375] INFO [Controller 0]: Current list of topics in the cluster: Set() (kafka.controller.KafkaController)
[2016-09-21 20:16:50,378] INFO [Replica state machine on controller 0]: Started replica state machine with initial state -> Map() (kafka.controller.ReplicaStateMachine)
[2016-09-21 20:16:50,382] INFO [Partition state machine on Controller 0]: Started partition state machine with initial state -> Map() (kafka.controller.PartitionStateMachine)
[2016-09-21 20:16:50,383] INFO [Controller 0]: Broker 0 is ready to serve as the new controller with epoch 1 (kafka.controller.KafkaController)
[2016-09-21 20:16:50,384] INFO [Controller 0]: Starting preferred replica leader election for partitions  (kafka.controller.KafkaController)
[2016-09-21 20:16:50,385] INFO [Partition state machine on Controller 0]: Invoking state change to OnlinePartition for partitions  (kafka.controller.PartitionStateMachine)
[2016-09-21 20:16:50,399] INFO [Controller 0]: starting the partition rebalance scheduler (kafka.controller.KafkaController)
[2016-09-21 20:16:50,401] INFO [Controller 0]: Controller startup complete (kafka.controller.KafkaController)
[2016-09-21 20:16:50,401] INFO [delete-topics-thread-0], Starting  (kafka.controller.TopicDeletionManager$DeleteTopicsThread)
[2016-09-21 20:16:50,402] DEBUG [Topic Deletion Manager 0], Waiting for signal to start or continue topic deletion (kafka.controller.TopicDeletionManager)
[2016-09-21 20:16:50,487] INFO [BrokerChangeListener on Controller 0]: Broker change listener fired for path /brokers/ids with children 0 (kafka.controller.ReplicaStateMachine$BrokerChangeListener)
[2016-09-21 20:16:50,550] INFO [BrokerChangeListener on Controller 0]: Newly added brokers: 0, deleted brokers: , all live brokers: 0 (kafka.controller.ReplicaStateMachine$BrokerChangeListener)
[2016-09-21 20:16:50,550] DEBUG [Channel manager on controller 0]: Controller 0 trying to connect to broker 0 (kafka.controller.ControllerChannelManager)
[2016-09-21 20:16:50,554] INFO [Controller-0-to-broker-0-send-thread], Controller 0 connected to id:0,host:ip-172-31-38-60.ec2.internal,port:9092 for sending state change requests (kafka.controller.RequestSendThread)
[2016-09-21 20:16:50,557] INFO [Controller-0-to-broker-0-send-thread], Starting  (kafka.controller.RequestSendThread)
[2016-09-21 20:16:50,557] INFO [Controller 0]: New broker startup callback for 0 (kafka.controller.KafkaController)
[2016-09-21 20:16:55,401] TRACE [Controller 0]: checking need to trigger partition rebalance (kafka.controller.KafkaController)
[2016-09-21 20:16:55,403] DEBUG [Controller 0]: preferred replicas by broker Map() (kafka.controller.KafkaController)
[2016-09-21 20:17:05,572] DEBUG [TopicChangeListener on Controller 0]: Topic change listener fired for path /brokers/topics with children TutorialTopic (kafka.controller.PartitionStateMachine$TopicChangeListener)
[2016-09-21 20:17:05,589] INFO [TopicChangeListener on Controller 0]: New topics: [Set(TutorialTopic)], deleted topics: [Set()], new partition replica assignment [Map([TutorialTopic,0] -> List(0))] (kafka.controller.PartitionStateMachine$TopicChangeListener)
[2016-09-21 20:17:05,589] INFO [Controller 0]: New topic creation callback for [TutorialTopic,0] (kafka.controller.KafkaController)
[2016-09-21 20:17:05,592] INFO [Controller 0]: New partition creation callback for [TutorialTopic,0] (kafka.controller.KafkaController)
[2016-09-21 20:17:05,592] INFO [Partition state machine on Controller 0]: Invoking state change to NewPartition for partitions [TutorialTopic,0] (kafka.controller.PartitionStateMachine)
[2016-09-21 20:17:05,609] INFO [Replica state machine on controller 0]: Invoking state change to NewReplica for replicas [Topic=TutorialTopic,Partition=0,Replica=0] (kafka.controller.ReplicaStateMachine)
[2016-09-21 20:17:05,613] INFO [Partition state machine on Controller 0]: Invoking state change to OnlinePartition for partitions [TutorialTopic,0] (kafka.controller.PartitionStateMachine)
[2016-09-21 20:17:05,614] DEBUG [Partition state machine on Controller 0]: Live assigned replicas for partition [TutorialTopic,0] are: [List(0)] (kafka.controller.PartitionStateMachine)
[2016-09-21 20:17:05,616] DEBUG [Partition state machine on Controller 0]: Initializing leader and isr for partition [TutorialTopic,0] to (Leader:0,ISR:0,LeaderEpoch:0,ControllerEpoch:1) (kafka.controller.PartitionStateMachine)
[2016-09-21 20:17:05,660] INFO [Replica state machine on controller 0]: Invoking state change to OnlineReplica for replicas [Topic=TutorialTopic,Partition=0,Replica=0] (kafka.controller.ReplicaStateMachine)
[2016-09-21 20:21:55,400] TRACE [Controller 0]: checking need to trigger partition rebalance (kafka.controller.KafkaController)
[2016-09-21 20:21:55,400] DEBUG [Controller 0]: preferred replicas by broker Map(0 -> Map([TutorialTopic,0] -> List(0))) (kafka.controller.KafkaController)
[2016-09-21 20:21:55,402] DEBUG [Controller 0]: topics not in preferred replica Map() (kafka.controller.KafkaController)
[2016-09-21 20:21:55,403] TRACE [Controller 0]: leader imbalance ratio for broker 0 is 0.000000 (kafka.controller.KafkaController)
[2016-09-21 20:26:55,400] TRACE [Controller 0]: checking need to trigger partition rebalance (kafka.controller.KafkaController)
[2016-09-21 20:26:55,400] DEBUG [Controller 0]: preferred replicas by broker Map(0 -> Map([TutorialTopic,0] -> List(0))) (kafka.controller.KafkaController)
[2016-09-21 20:26:55,400] DEBUG [Controller 0]: topics not in preferred replica Map() (kafka.controller.KafkaController)
[2016-09-21 20:26:55,401] TRACE [Controller 0]: leader imbalance ratio for broker 0 is 0.000000 (kafka.controller.KafkaController)
[2016-09-21 20:31:55,400] TRACE [Controller 0]: checking need to trigger partition rebalance (kafka.controller.KafkaController)
[2016-09-21 20:31:55,400] DEBUG [Controller 0]: preferred replicas by broker Map(0 -> Map([TutorialTopic,0] -> List(0))) (kafka.controller.KafkaController)
[2016-09-21 20:31:55,400] DEBUG [Controller 0]: topics not in preferred replica Map() (kafka.controller.KafkaController)
[2016-09-21 20:31:55,401] TRACE [Controller 0]: leader imbalance ratio for broker 0 is 0.000000 (kafka.controller.KafkaController)
[2016-09-21 20:36:55,400] TRACE [Controller 0]: checking need to trigger partition rebalance (kafka.controller.KafkaController)
[2016-09-21 20:36:55,400] DEBUG [Controller 0]: preferred replicas by broker Map(0 -> Map([TutorialTopic,0] -> List(0))) (kafka.controller.KafkaController)
[2016-09-21 20:36:55,400] DEBUG [Controller 0]: topics not in preferred replica Map() (kafka.controller.KafkaController)
[2016-09-21 20:36:55,401] TRACE [Controller 0]: leader imbalance ratio for broker 0 is 0.000000 (kafka.controller.KafkaController)
